--------- beginning of main
08-04 00:05:42.611 19367 19367 W com.rndetox: Unexpected CPU variant for X86 using defaults: x86
08-04 00:05:42.616 19367 19367 E com.rndetox: Not starting debugger since process cannot load the jdwp agent.
--------- beginning of system
08-04 00:05:42.717 19367 19367 W ActivityThread: Package uses different ABI(s) than its instrumentation: package[com.rndetox]: x86, null instrumentation[com.rndetox.test]: null, null
08-04 00:05:42.736 19367 19367 I com.rndetox: The ClassLoaderContext is a special shared library.
08-04 00:05:42.738 19367 19367 I chatty  : uid=10511(com.rndetox) identical 2 lines
08-04 00:05:42.739 19367 19367 I com.rndetox: The ClassLoaderContext is a special shared library.
08-04 00:05:42.807 19367 19367 W com.rndetox: ClassLoaderContext classpath size mismatch. expected=0, found=4 (PCL[]{PCL[/system/framework/android.test.base.jar*84046222]} | PCL[/system/framework/android.test.runner.jar*2838042966:/system/framework/android.test.mock.jar*2353512044:/system/framework/android.test.base.jar*84046222:/data/app/~~Bi4uMLZh0_-B30nSiUwDEA==/com.rndetox.test-Ly1sffpTUUq1hjuoEIfqcg==/base.apk*4073767978]{PCL[/system/framework/android.test.base.jar*84046222]})
08-04 00:05:42.853 19367 19367 I com.rndetox: The ClassLoaderContext is a special shared library.
08-04 00:05:42.857 19367 19367 I chatty  : uid=10511(com.rndetox) identical 3 lines
08-04 00:05:42.858 19367 19367 I com.rndetox: The ClassLoaderContext is a special shared library.
08-04 00:05:42.934 19367 19367 W com.rndetox: ClassLoaderContext classpath size mismatch. expected=0, found=4 (PCL[]{PCL[/system/framework/android.test.base.jar*84046222]} | PCL[/system/framework/android.test.runner.jar*2838042966:/system/framework/android.test.mock.jar*2353512044:/system/framework/android.test.base.jar*84046222:/data/app/~~Bi4uMLZh0_-B30nSiUwDEA==/com.rndetox.test-Ly1sffpTUUq1hjuoEIfqcg==/base.apk*4073767978]{PCL[/system/framework/android.test.base.jar*84046222]#PCL[/system/framework/android.test.mock.jar*2353512044]{PCL[/system/framework/android.test.base.jar*84046222]}#PCL[/system/framework/android.test.runner.jar*2838042966]{PCL[/system/framework/android.test.base.jar*84046222]#PCL[/system/framework/android.test.mock.jar*2353512044]{PCL[/system/framework/android.test.base.jar*84046222]}}};PCL[/system/framework/android.test.runner.jar*2838042966:/system/framework/android.test.mock.jar*2353512044:/system/framework/android.test.base.jar*84046222:/data/app/~~Bi4uMLZh0_-B30nSiUwDEA==/com.rndetox.test-Ly1sffpTUUq1hjuoEIfqcg==/base.apk*4073767978:/data/app/~~ZKCCBeq4Qis2vxqAa8to2A==/com.rndetox-yx_TGLkCd_J7B69OodPbWQ==/base.apk*1949305130]{PCL[/system/framework/android.test.base.jar*84046222]})
08-04 00:05:42.935 19367 19367 W com.rndetox: Found duplicate classes, falling back to extracting from APK : /data/app/~~ZKCCBeq4Qis2vxqAa8to2A==/com.rndetox-yx_TGLkCd_J7B69OodPbWQ==/base.apk
08-04 00:05:42.935 19367 19367 W com.rndetox: NOTE: This wastes RAM and hurts startup performance.
08-04 00:05:42.935 19367 19367 W com.rndetox: Found duplicated class when checking oat files: 'Landroid/support/v4/app/INotificationSideChannel$Stub$Proxy;' in /data/app/~~ZKCCBeq4Qis2vxqAa8to2A==/com.rndetox-yx_TGLkCd_J7B69OodPbWQ==/base.apk and /data/app/~~ZKCCBeq4Qis2vxqAa8to2A==/com.rndetox-yx_TGLkCd_J7B69OodPbWQ==/base.apk
08-04 00:05:42.935 19367 19367 W com.rndetox: 
08-04 00:05:43.001 19367 19367 D NetworkSecurityConfig: Using Network Security Config from resource network_security_config debugBuild: false
08-04 00:05:43.002 19367 19367 D NetworkSecurityConfig: Using Network Security Config from resource network_security_config debugBuild: false
08-04 00:05:43.003 19367 19367 I MonitoringInstr: Instrumentation started!
08-04 00:05:43.026 19367 19367 D SoLoader: init start
08-04 00:05:43.026 19367 19367 D SoLoader: adding system library source: /vendor/lib
08-04 00:05:43.026 19367 19367 D SoLoader: adding system library source: /system/lib
08-04 00:05:43.026 19367 19367 D SoLoader: adding application source: com.facebook.soloader.DirectorySoSource[root = /data/app/~~ZKCCBeq4Qis2vxqAa8to2A==/com.rndetox-yx_TGLkCd_J7B69OodPbWQ==/lib/x86 flags = 0]
08-04 00:05:43.027 19367 19367 D SoLoader: adding backup source from : com.facebook.soloader.ApkSoSource[root = /data/user/0/com.rndetox/lib-main flags = 1]
08-04 00:05:43.027 19367 19367 D SoLoader: Preparing SO source: com.facebook.soloader.DirectorySoSource[root = /system/lib flags = 2]
08-04 00:05:43.027 19367 19367 D SoLoader: Preparing SO source: com.facebook.soloader.DirectorySoSource[root = /vendor/lib flags = 2]
08-04 00:05:43.027 19367 19367 D SoLoader: Preparing SO source: com.facebook.soloader.DirectorySoSource[root = /data/app/~~ZKCCBeq4Qis2vxqAa8to2A==/com.rndetox-yx_TGLkCd_J7B69OodPbWQ==/lib/x86 flags = 0]
08-04 00:05:43.027 19367 19367 D SoLoader: Preparing SO source: com.facebook.soloader.ApkSoSource[root = /data/user/0/com.rndetox/lib-main flags = 1]
08-04 00:05:43.027 19367 19367 V fb-UnpackingSoSource: locked dso store /data/user/0/com.rndetox/lib-main
08-04 00:05:43.055 19367 19367 V fb-UnpackingSoSource: deps mismatch on deps store: regenerating
08-04 00:05:43.055 19367 19367 V fb-UnpackingSoSource: so store dirty: regenerating
08-04 00:05:43.073 19367 19367 D ApkSoSource: not allowing consideration of lib/x86/libc++_shared.so: deferring to libdir
08-04 00:05:43.074 19367 19367 D ApkSoSource: not allowing consideration of lib/x86/libfb.so: deferring to libdir
08-04 00:05:43.074 19367 19367 D ApkSoSource: not allowing consideration of lib/x86/libfbjni.so: deferring to libdir
08-04 00:05:43.074 19367 19367 D ApkSoSource: not allowing consideration of lib/x86/libfolly_futures.so: deferring to libdir
08-04 00:05:43.074 19367 19367 D ApkSoSource: not allowing consideration of lib/x86/libfolly_json.so: deferring to libdir
08-04 00:05:43.074 19367 19367 D ApkSoSource: not allowing consideration of lib/x86/libglog.so: deferring to libdir
08-04 00:05:43.074 19367 19367 D ApkSoSource: not allowing consideration of lib/x86/libglog_init.so: deferring to libdir
08-04 00:05:43.074 19367 19367 D ApkSoSource: not allowing consideration of lib/x86/libhermes-executor-common-debug.so: deferring to libdir
08-04 00:05:43.074 19367 19367 D ApkSoSource: not allowing consideration of lib/x86/libhermes-executor-common-release.so: deferring to libdir
08-04 00:05:43.074 19367 19367 D ApkSoSource: not allowing consideration of lib/x86/libhermes-executor-debug.so: deferring to libdir
08-04 00:05:43.074 19367 19367 D ApkSoSource: not allowing consideration of lib/x86/libhermes-executor-release.so: deferring to libdir
08-04 00:05:43.074 19367 19367 D ApkSoSource: not allowing consideration of lib/x86/libhermes-inspector.so: deferring to libdir
08-04 00:05:43.074 19367 19367 D ApkSoSource: not allowing consideration of lib/x86/libimagepipeline.so: deferring to libdir
08-04 00:05:43.074 19367 19367 D ApkSoSource: not allowing consideration of lib/x86/libjsc.so: deferring to libdir
08-04 00:05:43.074 19367 19367 D ApkSoSource: not allowing consideration of lib/x86/libjscexecutor.so: deferring to libdir
08-04 00:05:43.074 19367 19367 D ApkSoSource: not allowing consideration of lib/x86/libjsijniprofiler.so: deferring to libdir
08-04 00:05:43.075 19367 19367 D ApkSoSource: not allowing consideration of lib/x86/libjsinspector.so: deferring to libdir
08-04 00:05:43.075 19367 19367 D ApkSoSource: not allowing consideration of lib/x86/libnative-filters.so: deferring to libdir
08-04 00:05:43.075 19367 19367 D ApkSoSource: not allowing consideration of lib/x86/libnative-imagetranscoder.so: deferring to libdir
08-04 00:05:43.075 19367 19367 D ApkSoSource: not allowing consideration of lib/x86/libreact_codegen_reactandroidspec.so: deferring to libdir
08-04 00:05:43.075 19367 19367 D ApkSoSource: not allowing consideration of lib/x86/libreact_nativemodule_core.so: deferring to libdir
08-04 00:05:43.075 19367 19367 D ApkSoSource: not allowing consideration of lib/x86/libreactnativeblob.so: deferring to libdir
08-04 00:05:43.075 19367 19367 D ApkSoSource: not allowing consideration of lib/x86/libreactnativejni.so: deferring to libdir
08-04 00:05:43.075 19367 19367 D ApkSoSource: not allowing consideration of lib/x86/libreactnativeutilsjni.so: deferring to libdir
08-04 00:05:43.075 19367 19367 D ApkSoSource: not allowing consideration of lib/x86/libreactperfloggerjni.so: deferring to libdir
08-04 00:05:43.075 19367 19367 D ApkSoSource: not allowing consideration of lib/x86/libturbomodulejsijni.so: deferring to libdir
08-04 00:05:43.075 19367 19367 D ApkSoSource: not allowing consideration of lib/x86/libyoga.so: deferring to libdir
08-04 00:05:43.075 19367 19367 V fb-UnpackingSoSource: regenerating DSO store com.facebook.soloader.ApkSoSource
08-04 00:05:43.076 19367 19367 V fb-UnpackingSoSource: Finished regenerating DSO store com.facebook.soloader.ApkSoSource
08-04 00:05:43.076 19367 19367 V fb-UnpackingSoSource: starting syncer worker
08-04 00:05:43.092 19367 19367 V fb-UnpackingSoSource: releasing dso store lock for /data/user/0/com.rndetox/lib-main (from syncer thread)
08-04 00:05:43.092 19367 19367 V fb-UnpackingSoSource: not releasing dso store lock for /data/user/0/com.rndetox/lib-main (syncer thread started)
08-04 00:05:43.092 19367 19367 D SoLoader: init finish: 4 SO sources prepared
08-04 00:05:43.092 19367 19367 D SoLoader: init exiting
08-04 00:05:43.094 19367 19367 D SoLoader: init exiting
08-04 00:05:43.094 19367 19367 D SoLoader: About to load: libjscexecutor.so
08-04 00:05:43.094 19367 19367 D SoLoader: libjscexecutor.so not found on /data/user/0/com.rndetox/lib-main
08-04 00:05:43.094 19367 19367 D SoLoader: libjscexecutor.so found on /data/app/~~ZKCCBeq4Qis2vxqAa8to2A==/com.rndetox-yx_TGLkCd_J7B69OodPbWQ==/lib/x86
08-04 00:05:43.094 19367 19367 D SoLoader: Not resolving dependencies for libjscexecutor.so
08-04 00:05:43.106 19367 19367 D JavaScriptCore.Version: 245459.0.0
08-04 00:05:43.106 19367 19367 D SoLoader: Loaded: libjscexecutor.so
08-04 00:05:43.106 19367 19367 D SoLoader: init exiting
08-04 00:05:43.115 19367 19367 I MonitoringInstr: No JSBridge.
08-04 00:05:43.133 19367 19395 I UsageTrackerFacilitator: Usage tracking enabled
08-04 00:05:43.139 19367 19395 I TestRequestBuilder: Scanning classpath to find tests in paths [/data/app/~~Bi4uMLZh0_-B30nSiUwDEA==/com.rndetox.test-Ly1sffpTUUq1hjuoEIfqcg==/base.apk]
08-04 00:05:43.141 19367 19395 W com.rndetox: Opening an oat file without a class loader. Are you using the deprecated DexFile APIs?
08-04 00:05:43.789 19367 19395 D TestExecutor: Adding listener androidx.test.internal.runner.listener.LogRunListener
08-04 00:05:43.790 19367 19395 D TestExecutor: Adding listener androidx.test.internal.runner.listener.InstrumentationResultPrinter
08-04 00:05:43.791 19367 19395 D TestExecutor: Adding listener androidx.test.internal.runner.listener.ActivityFinisherRunListener
08-04 00:05:43.793 19367 19395 I TestRunner: run started: 1 tests
08-04 00:05:43.793 19367 19395 I TestRunner: run finished: 0 tests, 0 failed, 0 ignored
08-04 00:05:44.142 19367 19395 I MonitoringInstr: waitForActivitiesToComplete() took: 0ms
